<?xml version="1.0" encoding="utf-8"?><testsuites name="pytest tests"><testsuite name="pytest" errors="0" failures="0" skipped="0" tests="9" time="19.427" timestamp="2026-06-12T02:03:25.700410+00:00" hostname="agent-env-d04720a0-ec30-4a6b-aeb2-e45b05601dd0"><testcase classname="backend.tests.test_rc1.TestRC1IdentifyBarcode" name="test_barcode_returns_capture_only_no_fabrication" time="0.484" /><testcase classname="backend.tests.test_rc1.TestRC1IdentifyBarcode" name="test_barcode_empty_rejects" time="0.051" /><testcase classname="backend.tests.test_rc1.TestRC1ProfitVerdict" name="test_break_even_and_margin_math" time="7.650" /><testcase classname="backend.tests.test_rc1.TestRC1ProfitVerdict" name="test_zero_edge_case_no_crash" time="5.691" /><testcase classname="backend.tests.test_rc1.TestRC1Smoke" name="test_login_smoke" time="0.269" /><testcase classname="backend.tests.test_rc1.TestRC1Smoke" name="test_search_smoke" time="5.050" /><testcase classname="backend.tests.test_rc1.TestRC1Smoke" name="test_score_smoke" time="0.047" /><testcase classname="backend.tests.test_rc1.TestRC1Smoke" name="test_stats_home_smoke" time="0.047" /><testcase classname="backend.tests.test_rc1.TestRC1Smoke" name="test_inventory_list_smoke" time="0.048" /></testsuite></testsuites>