<?xml version="1.0" encoding="utf-8"?><testsuites name="pytest tests"><testsuite name="pytest" errors="0" failures="0" skipped="0" tests="23" time="15.822" timestamp="2026-06-12T01:21:03.031729+00:00" hostname="agent-env-d04720a0-ec30-4a6b-aeb2-e45b05601dd0"><testcase classname="backend.tests.test_phase1_commercial.TestInventoryCRUD" name="test_create_inventory_metrics_math" time="0.545" /><testcase classname="backend.tests.test_phase1_commercial.TestInventoryCRUD" name="test_get_returns_same_metrics" time="0.046" /><testcase classname="backend.tests.test_phase1_commercial.TestInventoryCRUD" name="test_list_and_status_filter" time="0.238" /><testcase classname="backend.tests.test_phase1_commercial.TestInventoryCRUD" name="test_patch_status_to_sold_autosets_date_sold" time="0.086" /><testcase classname="backend.tests.test_phase1_commercial.TestInventoryCRUD" name="test_delete" time="0.175" /><testcase classname="backend.tests.test_phase1_commercial.TestInventoryCRUD" name="test_get_404" time="0.044" /><testcase classname="backend.tests.test_phase1_commercial.TestInventoryMeta" name="test_meta_vocab" time="0.309" /><testcase classname="backend.tests.test_phase1_commercial.TestInventoryExport" name="test_export_csv_has_header_and_rows" time="0.088" /><testcase classname="backend.tests.test_phase1_commercial.TestStatsHome" name="test_home_after_seed" time="0.044" /><testcase classname="backend.tests.test_phase1_commercial.TestStatsSourcing" name="test_sourcing_rows" time="0.043" /><testcase classname="backend.tests.test_phase1_commercial.TestStatsReports" name="test_period[daily]" time="0.044" /><testcase classname="backend.tests.test_phase1_commercial.TestStatsReports" name="test_period[weekly]" time="0.047" /><testcase classname="backend.tests.test_phase1_commercial.TestStatsReports" name="test_period[monthly]" time="0.041" /><testcase classname="backend.tests.test_phase1_commercial.TestStatsReports" name="test_period[yearly]" time="0.042" /><testcase classname="backend.tests.test_phase1_commercial.TestProfitScoutScore" name="test_score_shape_and_ranges" time="0.044" /><testcase classname="backend.tests.test_phase1_commercial.TestProfitScoutScore" name="test_score_verdict_bands" time="0.045" /><testcase classname="backend.tests.test_phase1_commercial.TestSettings" name="test_defaults" time="0.047" /><testcase classname="backend.tests.test_phase1_commercial.TestSettings" name="test_post_then_get_persists" time="0.214" /><testcase classname="backend.tests.test_phase1_commercial.TestRegression" name="test_auth_login" time="0.266" /><testcase classname="backend.tests.test_phase1_commercial.TestRegression" name="test_search_endpoint" time="8.365" /><testcase classname="backend.tests.test_phase1_commercial.TestRegression" name="test_profit_verdict" time="4.692" /><testcase classname="backend.tests.test_phase1_commercial.TestRegression" name="test_pallet_lifecycle" time="0.136" /><testcase classname="backend.tests.test_phase1_commercial.TestRegression" name="test_history_crud" time="0.135" /></testsuite></testsuites>