<?xml version="1.0" encoding="utf-8"?><testsuites name="pytest tests"><testsuite name="pytest" errors="0" failures="0" skipped="0" tests="16" time="33.970" timestamp="2026-06-12T02:03:49.982832+00:00" hostname="agent-env-d04720a0-ec30-4a6b-aeb2-e45b05601dd0"><testcase classname="backend.tests.backend_test.TestAuth" name="test_register_new_user" time="0.351" /><testcase classname="backend.tests.backend_test.TestAuth" name="test_login_seed" time="0.313" /><testcase classname="backend.tests.backend_test.TestAuth" name="test_me" time="0.333" /><testcase classname="backend.tests.backend_test.TestAuth" name="test_me_no_token" time="0.057" /><testcase classname="backend.tests.backend_test.TestSearchAndScan" name="test_search_returns_ebay_snapshot" time="6.842" /><testcase classname="backend.tests.backend_test.TestSearchAndScan" name="test_identify_barcode" time="0.049" /><testcase classname="backend.tests.backend_test.TestSearchAndScan" name="test_identify_barcode_empty" time="0.046" /><testcase classname="backend.tests.backend_test.TestSearchAndScan" name="test_identify_image" time="2.529" /><testcase classname="backend.tests.backend_test.TestProfitVerdict" name="test_buy_verdict_math" time="4.794" /><testcase classname="backend.tests.backend_test.TestProfitVerdict" name="test_do_not_buy" time="4.519" /><testcase classname="backend.tests.backend_test.TestHistory" name="test_history_crud" time="0.182" /><testcase classname="backend.tests.backend_test.TestFbComps" name="test_fb_comp_crud" time="0.138" /><testcase classname="backend.tests.backend_test.TestPalletLifecycle" name="test_get_pallet_dashboard" time="0.092" /><testcase classname="backend.tests.backend_test.TestPalletLifecycle" name="test_add_and_update_item" time="0.147" /><testcase classname="backend.tests.backend_test.TestPalletLifecycle" name="test_pallet_analysis" time="5.650" /><testcase classname="backend.tests.backend_test.TestManifestImport" name="test_csv_manifest_upload" time="7.829" /></testsuite></testsuites>